<?xml version="1.0" encoding="UTF-8"?>
<testng-results ignored="0" total="3" passed="3" failed="0" skipped="0">
  <reporter-output>
  </reporter-output>
  <suite started-at="2025-08-26T14:48:10 PKT" name="Default suite" finished-at="2025-08-26T14:48:27 PKT" duration-ms="16436">
    <groups>
    </groups>
    <test started-at="2025-08-26T14:48:10 PKT" name="Default test" finished-at="2025-08-26T14:48:27 PKT" duration-ms="16436">
      <class name="com.SwagLabs.TestCases.CartPageTest">
        <test-method is-config="true" signature="setUp()[pri:0, instance:com.SwagLabs.TestCases.CartPageTest@4f83df68]" started-at="2025-08-26T14:48:10 PKT" name="setUp" finished-at="2025-08-26T14:48:14 PKT" duration-ms="3200" status="PASS">
          <reporter-output>
          </reporter-output>
        </test-method> <!-- setUp -->
        <test-method is-config="true" signature="pageSetup()[pri:0, instance:com.SwagLabs.TestCases.CartPageTest@4f83df68]" started-at="2025-08-26T14:48:14 PKT" name="pageSetup" finished-at="2025-08-26T14:48:20 PKT" duration-ms="6334" status="PASS">
          <reporter-output>
          </reporter-output>
        </test-method> <!-- pageSetup -->
        <test-method signature="validateRemove()[pri:1, instance:com.SwagLabs.TestCases.CartPageTest@4f83df68]" started-at="2025-08-26T14:48:20 PKT" name="validateRemove" finished-at="2025-08-26T14:48:22 PKT" duration-ms="1597" status="PASS">
          <reporter-output>
          </reporter-output>
        </test-method> <!-- validateRemove -->
        <test-method signature="validateContinueShopping()[pri:2, instance:com.SwagLabs.TestCases.CartPageTest@4f83df68]" started-at="2025-08-26T14:48:22 PKT" name="validateContinueShopping" finished-at="2025-08-26T14:48:27 PKT" duration-ms="5049" status="PASS">
          <reporter-output>
          </reporter-output>
        </test-method> <!-- validateContinueShopping -->
        <test-method signature="navigateToCheckoutPage()[pri:3, instance:com.SwagLabs.TestCases.CartPageTest@4f83df68]" started-at="2025-08-26T14:48:27 PKT" name="navigateToCheckoutPage" finished-at="2025-08-26T14:48:27 PKT" duration-ms="117" status="PASS">
          <reporter-output>
          </reporter-output>
        </test-method> <!-- navigateToCheckoutPage -->
      </class> <!-- com.SwagLabs.TestCases.CartPageTest -->
    </test> <!-- Default test -->
  </suite> <!-- Default suite -->
</testng-results>
