<?xml version="1.0" encoding="UTF-8"?>
<!-- Generated by org.testng.reporters.JUnitXMLReporter -->
<testsuite ignored="0" hostname="DESKTOP-LP92I5P" failures="0" tests="3" name="Default test" time="16.436" errors="0" timestamp="2025-08-26T14:48:27 PKT">
  <testcase classname="com.SwagLabs.TestCases.CartPageTest" name="validateRemove" time="1.597"/>
  <testcase classname="com.SwagLabs.TestCases.CartPageTest" name="validateContinueShopping" time="5.049"/>
  <testcase classname="com.SwagLabs.TestCases.CartPageTest" name="navigateToCheckoutPage" time="0.117"/>
</testsuite> <!-- Default test -->
